Using pre-set license
Built from '2021.1/staging' branch; Version is '2021.1.7f1 (d91830b65d9b) revision 14227504'; Using compiler version '192528614'; Build Type 'Release'
OS: 'Windows 10 Home; OS build 19042.985; Version 2009; 64bit' Language: 'en' Physical Memory: 16328 MB
BatchMode: 1, IsHumanControllingUs: 0, StartBugReporterOnCrash: 0, Is64bit: 1, IsPro: 0

 COMMAND LINE ARGUMENTS:
C:\Program Files\Unity\Hub\Editor\2021.1.7f1\Editor\Unity.exe
-adb2
-batchMode
-noUpm
-name
AssetImportWorker0
-projectPath
C:/Users/wongw/OneDrive/Documents/GitHub/Foundations-of-Game-Design-and-Development/Lab1
-logFile
Logs/AssetImportWorker0.log
-srvPort
65302
Successfully changed project path to: C:/Users/wongw/OneDrive/Documents/GitHub/Foundations-of-Game-Design-and-Development/Lab1
C:/Users/wongw/OneDrive/Documents/GitHub/Foundations-of-Game-Design-and-Development/Lab1
Using Asset Import Pipeline V2.
Refreshing native plugins compatible for Editor in 87.20 ms, found 2 plugins.
Preloading 0 native plugins for Editor in 0.00 ms.
Initialize engine version: 2021.1.7f1 (d91830b65d9b)
[Subsystems] Discovering subsystems at path C:/Program Files/Unity/Hub/Editor/2021.1.7f1/Editor/Data/Resources/UnitySubsystems
[Subsystems] Discovering subsystems at path C:/Users/wongw/OneDrive/Documents/GitHub/Foundations-of-Game-Design-and-Development/Lab1/Assets
GfxDevice: creating device client; threaded=0; jobified=0
Direct3D:
    Version:  Direct3D 11.0 [level 11.1]
    Renderer: NVIDIA GeForce RTX 2060 (ID=0x1f08)
    Vendor:   NVIDIA
    VRAM:     5980 MB
    Driver:   27.21.14.6647
Initialize mono
Mono path[0] = 'C:/Program Files/Unity/Hub/Editor/2021.1.7f1/Editor/Data/Managed'
Mono path[1] = 'C:/Program Files/Unity/Hub/Editor/2021.1.7f1/Editor/Data/MonoBleedingEdge/lib/mono/unityjit'
Mono config path = 'C:/Program Files/Unity/Hub/Editor/2021.1.7f1/Editor/Data/MonoBleedingEdge/etc'
Using monoOptions --debugger-agent=transport=dt_socket,embedding=1,server=y,suspend=n,address=127.0.0.1:56580
Begin MonoManager ReloadAssembly
Registering precompiled unity dll's ...
Register platform support module: C:/Program Files/Unity/Hub/Editor/2021.1.7f1/Editor/Data/PlaybackEngines/WindowsStandaloneSupport/UnityEditor.WindowsStandalone.Extensions.dll
Registered in 0.001470 seconds.
Native extension for WindowsStandalone target not found
Refreshing native plugins compatible for Editor in 85.76 ms, found 2 plugins.
Preloading 0 native plugins for Editor in 0.00 ms.
Mono: successfully reloaded assembly
- Completed reload, in  0.987 seconds
Platform modules already initialized, skipping
Registering precompiled user dll's ...
Registered in 0.001970 seconds.
Begin MonoManager ReloadAssembly
Symbol file LoadedFromMemory doesn't match image C:\Users\wongw\OneDrive\Documents\GitHub\Foundations-of-Game-Design-and-Development\Lab1\Library\PackageCache\com.unity.visualscripting@1.6.1\Editor\VisualScripting.Core\Dependencies\YamlDotNet\Unity.VisualScripting.YamlDotNet.dll
Symbol file LoadedFromMemory doesn't match image C:\Users\wongw\OneDrive\Documents\GitHub\Foundations-of-Game-Design-and-Development\Lab1\Library\PackageCache\com.unity.visualscripting@1.6.1\Editor\VisualScripting.Core\Dependencies\DotNetZip\Unity.VisualScripting.IonicZip.dll
Native extension for WindowsStandalone target not found
Refreshing native plugins compatible for Editor in 89.90 ms, found 2 plugins.
Preloading 0 native plugins for Editor in 0.00 ms.
Mono: successfully reloaded assembly
- Completed reload, in  0.971 seconds
Platform modules already initialized, skipping
========================================================================
Worker process is ready to serve import requests
Launched and connected shader compiler UnityShaderCompiler.exe after 0.04 seconds
Refreshing native plugins compatible for Editor in 0.63 ms, found 2 plugins.
Preloading 0 native plugins for Editor in 0.00 ms.
Unloading 3377 Unused Serialized files (Serialized files now loaded: 0)
System memory in use before: 129.2 MB.
System memory in use after: 129.3 MB.

Unloading 28 unused Assets to reduce memory usage. Loaded Objects now: 3832.
Total: 2.176000 ms (FindLiveObjects: 0.275800 ms CreateObjectMapping: 0.098500 ms MarkObjects: 1.706700 ms  DeleteObjects: 0.093800 ms)

========================================================================
Received Import Request.
  path: Assets/Sprite/bd2917bc858838d845afe6cc21e25522.png
  artifactKey: Guid(a952bdc9f90f7dd41983ee54616283de) Importer(815301076,1909f56bfc062723c751e8b465ee728b)
Start importing Assets/Sprite/bd2917bc858838d845afe6cc21e25522.png using Guid(a952bdc9f90f7dd41983ee54616283de) Importer(815301076,1909f56bfc062723c751e8b465ee728b)  -> (artifact id: '87c47b6bd6a5a9d6cd27c00a1fe59e15') in 0.115440 seconds 
========================================================================
Received Import Request.
  Time since last request: 0.591969 seconds.
  path: Packages/com.unity.2d.path/Editor/Handles/TangentContinuous.png
  artifactKey: Guid(229e750703f3e824ca71ddd16a5e36be) Importer(815301076,1909f56bfc062723c751e8b465ee728b)
Start importing Packages/com.unity.2d.path/Editor/Handles/TangentContinuous.png using Guid(229e750703f3e824ca71ddd16a5e36be) Importer(815301076,1909f56bfc062723c751e8b465ee728b)  -> (artifact id: 'bec41e7918ba61064ad2a717f26fa7fb') in 0.025342 seconds 
========================================================================
Received Import Request.
  Time since last request: 3.405519 seconds.
  path: Packages/com.unity.2d.animation/Editor/Assets/SkinningModule/Icons/Selected/Weight_Brush@3x.png
  artifactKey: Guid(3e6e6fbbd946d0541923f45f4eaa2cf1) Importer(815301076,1909f56bfc062723c751e8b465ee728b)
Start importing Packages/com.unity.2d.animation/Editor/Assets/SkinningModule/Icons/Selected/Weight_Brush@3x.png using Guid(3e6e6fbbd946d0541923f45f4eaa2cf1) Importer(815301076,1909f56bfc062723c751e8b465ee728b)  -> (artifact id: '610849549e00b77f3c528094aeeb0396') in 0.023892 seconds 
========================================================================
Received Import Request.
  Time since last request: 200.945153 seconds.
  path: ProjectSettings/TagManager.asset
  artifactKey: Guid(00000000000000003000000000000000) Importer(815301076,1909f56bfc062723c751e8b465ee728b)
Start importing ProjectSettings/TagManager.asset using Guid(00000000000000003000000000000000) Importer(815301076,1909f56bfc062723c751e8b465ee728b)  -> (artifact id: '5edc48f56e7f10244466570089727dd0') in 0.008684 seconds 
========================================================================
Received Prepare
Registering precompiled user dll's ...
Registered in 0.002175 seconds.
Begin MonoManager ReloadAssembly
Symbol file LoadedFromMemory doesn't match image C:\Users\wongw\OneDrive\Documents\GitHub\Foundations-of-Game-Design-and-Development\Lab1\Library\PackageCache\com.unity.visualscripting@1.6.1\Editor\VisualScripting.Core\Dependencies\YamlDotNet\Unity.VisualScripting.YamlDotNet.dll
Symbol file LoadedFromMemory doesn't match image C:\Users\wongw\OneDrive\Documents\GitHub\Foundations-of-Game-Design-and-Development\Lab1\Library\PackageCache\com.unity.visualscripting@1.6.1\Editor\VisualScripting.Core\Dependencies\DotNetZip\Unity.VisualScripting.IonicZip.dll
Native extension for WindowsStandalone target not found
Refreshing native plugins compatible for Editor in 0.61 ms, found 2 plugins.
Preloading 0 native plugins for Editor in 0.00 ms.
Mono: successfully reloaded assembly
- Completed reload, in  0.781 seconds
Platform modules already initialized, skipping
Refreshing native plugins compatible for Editor in 0.61 ms, found 2 plugins.
Preloading 0 native plugins for Editor in 0.00 ms.
Unloading 3375 Unused Serialized files (Serialized files now loaded: 0)
System memory in use before: 134.3 MB.
System memory in use after: 134.4 MB.

Unloading 17 unused Assets to reduce memory usage. Loaded Objects now: 3891.
Total: 2.129200 ms (FindLiveObjects: 0.264300 ms CreateObjectMapping: 0.106600 ms MarkObjects: 1.677800 ms  DeleteObjects: 0.079500 ms)

========================================================================
Received Prepare
Registering precompiled user dll's ...
Registered in 0.002114 seconds.
Begin MonoManager ReloadAssembly
Symbol file LoadedFromMemory doesn't match image C:\Users\wongw\OneDrive\Documents\GitHub\Foundations-of-Game-Design-and-Development\Lab1\Library\PackageCache\com.unity.visualscripting@1.6.1\Editor\VisualScripting.Core\Dependencies\YamlDotNet\Unity.VisualScripting.YamlDotNet.dll
Symbol file LoadedFromMemory doesn't match image C:\Users\wongw\OneDrive\Documents\GitHub\Foundations-of-Game-Design-and-Development\Lab1\Library\PackageCache\com.unity.visualscripting@1.6.1\Editor\VisualScripting.Core\Dependencies\DotNetZip\Unity.VisualScripting.IonicZip.dll
Native extension for WindowsStandalone target not found
Refreshing native plugins compatible for Editor in 0.60 ms, found 2 plugins.
Preloading 0 native plugins for Editor in 0.00 ms.
Mono: successfully reloaded assembly
- Completed reload, in  0.776 seconds
Platform modules already initialized, skipping
Refreshing native plugins compatible for Editor in 0.94 ms, found 2 plugins.
Preloading 0 native plugins for Editor in 0.00 ms.
Unloading 3372 Unused Serialized files (Serialized files now loaded: 0)
System memory in use before: 134.2 MB.
System memory in use after: 134.3 MB.

Unloading 16 unused Assets to reduce memory usage. Loaded Objects now: 3895.
Total: 2.695500 ms (FindLiveObjects: 0.280100 ms CreateObjectMapping: 0.108900 ms MarkObjects: 2.217900 ms  DeleteObjects: 0.087100 ms)

========================================================================
Received Import Request.
  Time since last request: 33703.524903 seconds.
  path: Packages/com.unity.2d.animation/Editor/Assets/SkinningModule/Icons/Light/Visibility_Tool@4x.png
  artifactKey: Guid(216c53aef79eaaf40a1800cc5e542dc3) Importer(815301076,1909f56bfc062723c751e8b465ee728b)
Start importing Packages/com.unity.2d.animation/Editor/Assets/SkinningModule/Icons/Light/Visibility_Tool@4x.png using Guid(216c53aef79eaaf40a1800cc5e542dc3) Importer(815301076,1909f56bfc062723c751e8b465ee728b)  -> (artifact id: '4c637850d54a6d2c76b2e03bfd5df322') in 0.228375 seconds 
========================================================================
Received Import Request.
  Time since last request: 155.252175 seconds.
  path: ProjectSettings/TagManager.asset
  artifactKey: Guid(00000000000000003000000000000000) Importer(815301076,1909f56bfc062723c751e8b465ee728b)
Start importing ProjectSettings/TagManager.asset using Guid(00000000000000003000000000000000) Importer(815301076,1909f56bfc062723c751e8b465ee728b)  -> (artifact id: '7c5db49ef5ae2f1a625aceaf83ac570a') in 0.009802 seconds 
========================================================================
Received Import Request.
  Time since last request: 27.814910 seconds.
  path: Assets/Prefabs/Pipe.prefab
  artifactKey: Guid(cdadaf24f2340ef428f9be45006f221e) Importer(815301076,1909f56bfc062723c751e8b465ee728b)
Start importing Assets/Prefabs/Pipe.prefab using Guid(cdadaf24f2340ef428f9be45006f221e) Importer(815301076,1909f56bfc062723c751e8b465ee728b)  -> (artifact id: 'ffc5f5374c69d2393be7f722960d86ff') in 0.037897 seconds 
========================================================================
Received Prepare
Registering precompiled user dll's ...
Registered in 0.002272 seconds.
Begin MonoManager ReloadAssembly
Symbol file LoadedFromMemory doesn't match image C:\Users\wongw\OneDrive\Documents\GitHub\Foundations-of-Game-Design-and-Development\Lab1\Library\PackageCache\com.unity.visualscripting@1.6.1\Editor\VisualScripting.Core\Dependencies\YamlDotNet\Unity.VisualScripting.YamlDotNet.dll
Symbol file LoadedFromMemory doesn't match image C:\Users\wongw\OneDrive\Documents\GitHub\Foundations-of-Game-Design-and-Development\Lab1\Library\PackageCache\com.unity.visualscripting@1.6.1\Editor\VisualScripting.Core\Dependencies\DotNetZip\Unity.VisualScripting.IonicZip.dll
Native extension for WindowsStandalone target not found
Refreshing native plugins compatible for Editor in 0.61 ms, found 2 plugins.
Preloading 0 native plugins for Editor in 0.00 ms.
Mono: successfully reloaded assembly
- Completed reload, in  0.956 seconds
Platform modules already initialized, skipping
Refreshing native plugins compatible for Editor in 0.59 ms, found 2 plugins.
Preloading 0 native plugins for Editor in 0.00 ms.
Unloading 3373 Unused Serialized files (Serialized files now loaded: 0)
System memory in use before: 134.8 MB.
System memory in use after: 134.9 MB.

Unloading 17 unused Assets to reduce memory usage. Loaded Objects now: 3921.
Total: 2.560700 ms (FindLiveObjects: 0.309400 ms CreateObjectMapping: 0.094800 ms MarkObjects: 2.058200 ms  DeleteObjects: 0.096800 ms)

========================================================================
Received Import Request.
  Time since last request: 74.279789 seconds.
  path: Assets/Prefabs/Pipe.prefab
  artifactKey: Guid(cdadaf24f2340ef428f9be45006f221e) Importer(815301076,1909f56bfc062723c751e8b465ee728b)
Start importing Assets/Prefabs/Pipe.prefab using Guid(cdadaf24f2340ef428f9be45006f221e) Importer(815301076,1909f56bfc062723c751e8b465ee728b)  -> (artifact id: 'a359b094e612c7b44417987ce185b66a') in 0.048604 seconds 
========================================================================
Received Import Request.
  Time since last request: 2.594363 seconds.
  path: Assets/Prefabs/Pipe.prefab
  artifactKey: Guid(cdadaf24f2340ef428f9be45006f221e) Importer(815301076,1909f56bfc062723c751e8b465ee728b)
Start importing Assets/Prefabs/Pipe.prefab using Guid(cdadaf24f2340ef428f9be45006f221e) Importer(815301076,1909f56bfc062723c751e8b465ee728b)  -> (artifact id: 'e572f9cd3e63fa9ab70e9db41f2ae77b') in 0.008774 seconds 
========================================================================
Received Import Request.
  Time since last request: 4.023358 seconds.
  path: Assets/Prefabs/Pipe.prefab
  artifactKey: Guid(cdadaf24f2340ef428f9be45006f221e) Importer(815301076,1909f56bfc062723c751e8b465ee728b)
Start importing Assets/Prefabs/Pipe.prefab using Guid(cdadaf24f2340ef428f9be45006f221e) Importer(815301076,1909f56bfc062723c751e8b465ee728b)  -> (artifact id: '40c5a70007cdc8a718a75e2739e1716c') in 0.008381 seconds 
========================================================================
Received Import Request.
  Time since last request: 7.452895 seconds.
  path: Assets/Prefabs/Pipe.prefab
  artifactKey: Guid(cdadaf24f2340ef428f9be45006f221e) Importer(815301076,1909f56bfc062723c751e8b465ee728b)
Start importing Assets/Prefabs/Pipe.prefab using Guid(cdadaf24f2340ef428f9be45006f221e) Importer(815301076,1909f56bfc062723c751e8b465ee728b)  -> (artifact id: '51560f89c60a8247e3c700da5b972c23') in 0.008760 seconds 
========================================================================
Received Import Request.
  Time since last request: 12.301922 seconds.
  path: Assets/Prefabs/Pipe.prefab
  artifactKey: Guid(cdadaf24f2340ef428f9be45006f221e) Importer(815301076,1909f56bfc062723c751e8b465ee728b)
Start importing Assets/Prefabs/Pipe.prefab using Guid(cdadaf24f2340ef428f9be45006f221e) Importer(815301076,1909f56bfc062723c751e8b465ee728b)  -> (artifact id: '05ccb8ae5f5dc6d249de00412dc08405') in 0.018940 seconds 
========================================================================
Received Prepare
Registering precompiled user dll's ...
Registered in 0.002290 seconds.
Begin MonoManager ReloadAssembly
Symbol file LoadedFromMemory doesn't match image C:\Users\wongw\OneDrive\Documents\GitHub\Foundations-of-Game-Design-and-Development\Lab1\Library\PackageCache\com.unity.visualscripting@1.6.1\Editor\VisualScripting.Core\Dependencies\YamlDotNet\Unity.VisualScripting.YamlDotNet.dll
Symbol file LoadedFromMemory doesn't match image C:\Users\wongw\OneDrive\Documents\GitHub\Foundations-of-Game-Design-and-Development\Lab1\Library\PackageCache\com.unity.visualscripting@1.6.1\Editor\VisualScripting.Core\Dependencies\DotNetZip\Unity.VisualScripting.IonicZip.dll
Native extension for WindowsStandalone target not found
Refreshing native plugins compatible for Editor in 0.62 ms, found 2 plugins.
Preloading 0 native plugins for Editor in 0.00 ms.
Mono: successfully reloaded assembly
- Completed reload, in  0.798 seconds
Platform modules already initialized, skipping
Refreshing native plugins compatible for Editor in 0.61 ms, found 2 plugins.
Preloading 0 native plugins for Editor in 0.00 ms.
Unloading 3372 Unused Serialized files (Serialized files now loaded: 0)
System memory in use before: 134.8 MB.
System memory in use after: 134.9 MB.

Unloading 16 unused Assets to reduce memory usage. Loaded Objects now: 3926.
Total: 2.196100 ms (FindLiveObjects: 0.286800 ms CreateObjectMapping: 0.096400 ms MarkObjects: 1.719900 ms  DeleteObjects: 0.091800 ms)

========================================================================
Received Prepare
Registering precompiled user dll's ...
Registered in 0.002159 seconds.
Begin MonoManager ReloadAssembly
Symbol file LoadedFromMemory doesn't match image C:\Users\wongw\OneDrive\Documents\GitHub\Foundations-of-Game-Design-and-Development\Lab1\Library\PackageCache\com.unity.visualscripting@1.6.1\Editor\VisualScripting.Core\Dependencies\YamlDotNet\Unity.VisualScripting.YamlDotNet.dll
Symbol file LoadedFromMemory doesn't match image C:\Users\wongw\OneDrive\Documents\GitHub\Foundations-of-Game-Design-and-Development\Lab1\Library\PackageCache\com.unity.visualscripting@1.6.1\Editor\VisualScripting.Core\Dependencies\DotNetZip\Unity.VisualScripting.IonicZip.dll
Native extension for WindowsStandalone target not found
Refreshing native plugins compatible for Editor in 0.59 ms, found 2 plugins.
Preloading 0 native plugins for Editor in 0.00 ms.
Mono: successfully reloaded assembly
- Completed reload, in  0.776 seconds
Platform modules already initialized, skipping
Refreshing native plugins compatible for Editor in 0.63 ms, found 2 plugins.
Preloading 0 native plugins for Editor in 0.00 ms.
Unloading 3372 Unused Serialized files (Serialized files now loaded: 0)
System memory in use before: 134.8 MB.
System memory in use after: 134.9 MB.

Unloading 16 unused Assets to reduce memory usage. Loaded Objects now: 3930.
Total: 2.273100 ms (FindLiveObjects: 0.310500 ms CreateObjectMapping: 0.099100 ms MarkObjects: 1.758000 ms  DeleteObjects: 0.104200 ms)

========================================================================
Received Import Request.
  Time since last request: 282.212709 seconds.
  path: Assets/Prefabs/HittableSimple.prefab
  artifactKey: Guid(b9546cf5d9a0ee54f8888bc5e079cba8) Importer(815301076,1909f56bfc062723c751e8b465ee728b)
Start importing Assets/Prefabs/HittableSimple.prefab using Guid(b9546cf5d9a0ee54f8888bc5e079cba8) Importer(815301076,1909f56bfc062723c751e8b465ee728b)  -> (artifact id: '359ebb5bf8168cd179696dd8b9f23067') in 0.048832 seconds 
========================================================================
Received Import Request.
  Time since last request: 1.274823 seconds.
  path: Assets/Prefabs/HittableSimple.prefab
  artifactKey: Guid(b9546cf5d9a0ee54f8888bc5e079cba8) Importer(815301076,1909f56bfc062723c751e8b465ee728b)
Start importing Assets/Prefabs/HittableSimple.prefab using Guid(b9546cf5d9a0ee54f8888bc5e079cba8) Importer(815301076,1909f56bfc062723c751e8b465ee728b)  -> (artifact id: 'efec3ab25021d94d7d110ff6d56213ef') in 0.007457 seconds 
========================================================================
Received Import Request.
  Time since last request: 3.203382 seconds.
  path: Assets/Prefabs/HittableSimple.prefab
  artifactKey: Guid(b9546cf5d9a0ee54f8888bc5e079cba8) Importer(815301076,1909f56bfc062723c751e8b465ee728b)
Start importing Assets/Prefabs/HittableSimple.prefab using Guid(b9546cf5d9a0ee54f8888bc5e079cba8) Importer(815301076,1909f56bfc062723c751e8b465ee728b)  -> (artifact id: 'e32b1c267a1b62c14614785998089ef3') in 0.007206 seconds 
========================================================================
Received Import Request.
  Time since last request: 21.357783 seconds.
  path: Assets/Prefabs/HittableSimple.prefab
  artifactKey: Guid(b9546cf5d9a0ee54f8888bc5e079cba8) Importer(815301076,1909f56bfc062723c751e8b465ee728b)
Start importing Assets/Prefabs/HittableSimple.prefab using Guid(b9546cf5d9a0ee54f8888bc5e079cba8) Importer(815301076,1909f56bfc062723c751e8b465ee728b)  -> (artifact id: 'fbc1c3ad8fe05d5a67bfd8b99cd4f0a7') in 0.013222 seconds 
========================================================================
Received Import Request.
  Time since last request: 14.444917 seconds.
  path: Assets/Prefabs/HittableSimple.prefab
  artifactKey: Guid(b9546cf5d9a0ee54f8888bc5e079cba8) Importer(815301076,1909f56bfc062723c751e8b465ee728b)
Start importing Assets/Prefabs/HittableSimple.prefab using Guid(b9546cf5d9a0ee54f8888bc5e079cba8) Importer(815301076,1909f56bfc062723c751e8b465ee728b)  -> (artifact id: '66faf6b5166fb6bb84847a101e46c5b1') in 0.007105 seconds 
========================================================================
Received Import Request.
  Time since last request: 6.233321 seconds.
  path: Assets/Prefabs/HittableSimple.prefab
  artifactKey: Guid(b9546cf5d9a0ee54f8888bc5e079cba8) Importer(815301076,1909f56bfc062723c751e8b465ee728b)
Start importing Assets/Prefabs/HittableSimple.prefab using Guid(b9546cf5d9a0ee54f8888bc5e079cba8) Importer(815301076,1909f56bfc062723c751e8b465ee728b)  -> (artifact id: '9b916d7b634b11510c32c2228613aeb5') in 0.012940 seconds 
========================================================================
Received Import Request.
  Time since last request: 11.138760 seconds.
  path: Assets/Prefabs/HittableSimple.prefab
  artifactKey: Guid(b9546cf5d9a0ee54f8888bc5e079cba8) Importer(815301076,1909f56bfc062723c751e8b465ee728b)
Start importing Assets/Prefabs/HittableSimple.prefab using Guid(b9546cf5d9a0ee54f8888bc5e079cba8) Importer(815301076,1909f56bfc062723c751e8b465ee728b)  -> (artifact id: 'cc6603de6e4e6856ac290bbb7f8c9e48') in 0.018256 seconds 
========================================================================
Received Prepare
Registering precompiled user dll's ...
Registered in 0.002250 seconds.
Begin MonoManager ReloadAssembly
Symbol file LoadedFromMemory doesn't match image C:\Users\wongw\OneDrive\Documents\GitHub\Foundations-of-Game-Design-and-Development\Lab1\Library\PackageCache\com.unity.visualscripting@1.6.1\Editor\VisualScripting.Core\Dependencies\YamlDotNet\Unity.VisualScripting.YamlDotNet.dll
Symbol file LoadedFromMemory doesn't match image C:\Users\wongw\OneDrive\Documents\GitHub\Foundations-of-Game-Design-and-Development\Lab1\Library\PackageCache\com.unity.visualscripting@1.6.1\Editor\VisualScripting.Core\Dependencies\DotNetZip\Unity.VisualScripting.IonicZip.dll
Native extension for WindowsStandalone target not found
Refreshing native plugins compatible for Editor in 0.68 ms, found 2 plugins.
Preloading 0 native plugins for Editor in 0.00 ms.
Mono: successfully reloaded assembly
- Completed reload, in  0.804 seconds
Platform modules already initialized, skipping
Refreshing native plugins compatible for Editor in 0.69 ms, found 2 plugins.
Preloading 0 native plugins for Editor in 0.00 ms.
Unloading 3372 Unused Serialized files (Serialized files now loaded: 0)
System memory in use before: 134.8 MB.
System memory in use after: 134.9 MB.

Unloading 16 unused Assets to reduce memory usage. Loaded Objects now: 3935.
Total: 2.476600 ms (FindLiveObjects: 0.294000 ms CreateObjectMapping: 0.099300 ms MarkObjects: 1.994300 ms  DeleteObjects: 0.087600 ms)

========================================================================
Received Prepare
Registering precompiled user dll's ...
Registered in 0.002556 seconds.
Begin MonoManager ReloadAssembly
Symbol file LoadedFromMemory doesn't match image C:\Users\wongw\OneDrive\Documents\GitHub\Foundations-of-Game-Design-and-Development\Lab1\Library\PackageCache\com.unity.visualscripting@1.6.1\Editor\VisualScripting.Core\Dependencies\YamlDotNet\Unity.VisualScripting.YamlDotNet.dll
Symbol file LoadedFromMemory doesn't match image C:\Users\wongw\OneDrive\Documents\GitHub\Foundations-of-Game-Design-and-Development\Lab1\Library\PackageCache\com.unity.visualscripting@1.6.1\Editor\VisualScripting.Core\Dependencies\DotNetZip\Unity.VisualScripting.IonicZip.dll
Native extension for WindowsStandalone target not found
Refreshing native plugins compatible for Editor in 0.61 ms, found 2 plugins.
Preloading 0 native plugins for Editor in 0.00 ms.
Mono: successfully reloaded assembly
- Completed reload, in  0.894 seconds
Platform modules already initialized, skipping
Refreshing native plugins compatible for Editor in 0.61 ms, found 2 plugins.
Preloading 0 native plugins for Editor in 0.00 ms.
Unloading 3372 Unused Serialized files (Serialized files now loaded: 0)
System memory in use before: 134.8 MB.
System memory in use after: 134.9 MB.

Unloading 16 unused Assets to reduce memory usage. Loaded Objects now: 3939.
Total: 2.365300 ms (FindLiveObjects: 0.293100 ms CreateObjectMapping: 0.109200 ms MarkObjects: 1.843900 ms  DeleteObjects: 0.117900 ms)

========================================================================
Received Import Request.
  Time since last request: 14217.682548 seconds.
  path: Assets/Prefabs/Hill.prefab
  artifactKey: Guid(293a2f75b53fbb84ea4d4303fedd81ba) Importer(815301076,1909f56bfc062723c751e8b465ee728b)
Start importing Assets/Prefabs/Hill.prefab using Guid(293a2f75b53fbb84ea4d4303fedd81ba) Importer(815301076,1909f56bfc062723c751e8b465ee728b)  -> (artifact id: '857495337c5825e68033af4daadf094f') in 0.067829 seconds 
========================================================================
Received Import Request.
  Time since last request: 32.158057 seconds.
  path: Assets/Prefabs/Hill.prefab
  artifactKey: Guid(293a2f75b53fbb84ea4d4303fedd81ba) Importer(815301076,1909f56bfc062723c751e8b465ee728b)
Start importing Assets/Prefabs/Hill.prefab using Guid(293a2f75b53fbb84ea4d4303fedd81ba) Importer(815301076,1909f56bfc062723c751e8b465ee728b)  -> (artifact id: 'e1c6b0a11e0fb4f9d3d93bf0328a69ab') in 0.015455 seconds 
========================================================================
Received Import Request.
  Time since last request: 14.524416 seconds.
  path: Assets/Prefabs/Hill.prefab
  artifactKey: Guid(293a2f75b53fbb84ea4d4303fedd81ba) Importer(815301076,1909f56bfc062723c751e8b465ee728b)
Start importing Assets/Prefabs/Hill.prefab using Guid(293a2f75b53fbb84ea4d4303fedd81ba) Importer(815301076,1909f56bfc062723c751e8b465ee728b)  -> (artifact id: '3ff5219f78e8bded9481f0a1835afbf0') in 0.028303 seconds 
========================================================================
Received Import Request.
  Time since last request: 22.960313 seconds.
  path: Assets/Prefabs/Hill.prefab
  artifactKey: Guid(293a2f75b53fbb84ea4d4303fedd81ba) Importer(815301076,1909f56bfc062723c751e8b465ee728b)
Start importing Assets/Prefabs/Hill.prefab using Guid(293a2f75b53fbb84ea4d4303fedd81ba) Importer(815301076,1909f56bfc062723c751e8b465ee728b)  -> (artifact id: '3eebe81e4e57b61c3eab0b47f4dcdb5c') in 0.017807 seconds 
========================================================================
Received Import Request.
  Time since last request: 3.590832 seconds.
  path: Assets/Prefabs/Hill.prefab
  artifactKey: Guid(293a2f75b53fbb84ea4d4303fedd81ba) Importer(815301076,1909f56bfc062723c751e8b465ee728b)
Start importing Assets/Prefabs/Hill.prefab using Guid(293a2f75b53fbb84ea4d4303fedd81ba) Importer(815301076,1909f56bfc062723c751e8b465ee728b)  -> (artifact id: 'ca1b688d7f844860c5448d36f8b80302') in 0.019375 seconds 
========================================================================
Received Import Request.
  Time since last request: 7.829773 seconds.
  path: Assets/Prefabs/Hill.prefab
  artifactKey: Guid(293a2f75b53fbb84ea4d4303fedd81ba) Importer(815301076,1909f56bfc062723c751e8b465ee728b)
Start importing Assets/Prefabs/Hill.prefab using Guid(293a2f75b53fbb84ea4d4303fedd81ba) Importer(815301076,1909f56bfc062723c751e8b465ee728b)  -> (artifact id: 'fe724d245eaf181112089567756974f5') in 0.017624 seconds 
========================================================================
Received Import Request.
  Time since last request: 11.077218 seconds.
  path: Assets/Prefabs/Hill.prefab
  artifactKey: Guid(293a2f75b53fbb84ea4d4303fedd81ba) Importer(815301076,1909f56bfc062723c751e8b465ee728b)
Start importing Assets/Prefabs/Hill.prefab using Guid(293a2f75b53fbb84ea4d4303fedd81ba) Importer(815301076,1909f56bfc062723c751e8b465ee728b)  -> (artifact id: '02f4ee9ac7f6f0784b7f403b8ae84db7') in 0.018199 seconds 
========================================================================
Received Import Request.
  Time since last request: 1.175565 seconds.
  path: Assets/Prefabs/Hill.prefab
  artifactKey: Guid(293a2f75b53fbb84ea4d4303fedd81ba) Importer(815301076,1909f56bfc062723c751e8b465ee728b)
Start importing Assets/Prefabs/Hill.prefab using Guid(293a2f75b53fbb84ea4d4303fedd81ba) Importer(815301076,1909f56bfc062723c751e8b465ee728b)  -> (artifact id: 'b5744bacbf87ad4aeae6fc4b38fb4bd9') in 0.013873 seconds 
========================================================================
Received Import Request.
  Time since last request: 7.643438 seconds.
  path: Assets/Prefabs/Hill.prefab
  artifactKey: Guid(293a2f75b53fbb84ea4d4303fedd81ba) Importer(815301076,1909f56bfc062723c751e8b465ee728b)
Start importing Assets/Prefabs/Hill.prefab using Guid(293a2f75b53fbb84ea4d4303fedd81ba) Importer(815301076,1909f56bfc062723c751e8b465ee728b)  -> (artifact id: '9b3f779748ed2685306968bcbf286b82') in 0.022467 seconds 
========================================================================
Received Import Request.
  Time since last request: 6.021390 seconds.
  path: Assets/Prefabs/Hill.prefab
  artifactKey: Guid(293a2f75b53fbb84ea4d4303fedd81ba) Importer(815301076,1909f56bfc062723c751e8b465ee728b)
Start importing Assets/Prefabs/Hill.prefab using Guid(293a2f75b53fbb84ea4d4303fedd81ba) Importer(815301076,1909f56bfc062723c751e8b465ee728b)  -> (artifact id: '80d1a1be3cefdd37b7a3301a30651efc') in 0.019249 seconds 
========================================================================
Received Import Request.
  Time since last request: 6.837671 seconds.
  path: Assets/Prefabs/Hill.prefab
  artifactKey: Guid(293a2f75b53fbb84ea4d4303fedd81ba) Importer(815301076,1909f56bfc062723c751e8b465ee728b)
Start importing Assets/Prefabs/Hill.prefab using Guid(293a2f75b53fbb84ea4d4303fedd81ba) Importer(815301076,1909f56bfc062723c751e8b465ee728b)  -> (artifact id: '97f07635aa0939dd4b4eda79ac47f06d') in 0.014940 seconds 
========================================================================
Received Import Request.
  Time since last request: 9.285335 seconds.
  path: Assets/Prefabs/Hill.prefab
  artifactKey: Guid(293a2f75b53fbb84ea4d4303fedd81ba) Importer(815301076,1909f56bfc062723c751e8b465ee728b)
Start importing Assets/Prefabs/Hill.prefab using Guid(293a2f75b53fbb84ea4d4303fedd81ba) Importer(815301076,1909f56bfc062723c751e8b465ee728b)  -> (artifact id: 'bf53366e42bef59e3b320fb60ef831ed') in 0.014457 seconds 
========================================================================
Received Import Request.
  Time since last request: 7.640652 seconds.
  path: Assets/Prefabs/Hill.prefab
  artifactKey: Guid(293a2f75b53fbb84ea4d4303fedd81ba) Importer(815301076,1909f56bfc062723c751e8b465ee728b)
Start importing Assets/Prefabs/Hill.prefab using Guid(293a2f75b53fbb84ea4d4303fedd81ba) Importer(815301076,1909f56bfc062723c751e8b465ee728b)  -> (artifact id: '1ed22cc658b7d00d9aed8e56a16825fe') in 0.020217 seconds 
========================================================================
Received Import Request.
  Time since last request: 72.729611 seconds.
  path: Assets/Prefabs/Hill.prefab
  artifactKey: Guid(293a2f75b53fbb84ea4d4303fedd81ba) Importer(815301076,1909f56bfc062723c751e8b465ee728b)
Start importing Assets/Prefabs/Hill.prefab using Guid(293a2f75b53fbb84ea4d4303fedd81ba) Importer(815301076,1909f56bfc062723c751e8b465ee728b)  -> (artifact id: '47279095763ffd7c2c28ae7754c5eddb') in 0.013323 seconds 
========================================================================
Received Import Request.
  Time since last request: 585.072238 seconds.
  path: Assets/Prefabs/Bush.prefab
  artifactKey: Guid(231409ef54b4d6246abba0d4d1b22c8c) Importer(815301076,1909f56bfc062723c751e8b465ee728b)
Start importing Assets/Prefabs/Bush.prefab using Guid(231409ef54b4d6246abba0d4d1b22c8c) Importer(815301076,1909f56bfc062723c751e8b465ee728b)  -> (artifact id: '2217355ff8c6a04d0c864250a6855572') in 0.015031 seconds 
========================================================================
Received Prepare
Registering precompiled user dll's ...
Registered in 0.002148 seconds.
Begin MonoManager ReloadAssembly
Symbol file LoadedFromMemory doesn't match image C:\Users\wongw\OneDrive\Documents\GitHub\Foundations-of-Game-Design-and-Development\Lab1\Library\PackageCache\com.unity.visualscripting@1.6.1\Editor\VisualScripting.Core\Dependencies\YamlDotNet\Unity.VisualScripting.YamlDotNet.dll
Symbol file LoadedFromMemory doesn't match image C:\Users\wongw\OneDrive\Documents\GitHub\Foundations-of-Game-Design-and-Development\Lab1\Library\PackageCache\com.unity.visualscripting@1.6.1\Editor\VisualScripting.Core\Dependencies\DotNetZip\Unity.VisualScripting.IonicZip.dll
Native extension for WindowsStandalone target not found
Refreshing native plugins compatible for Editor in 0.63 ms, found 2 plugins.
Preloading 0 native plugins for Editor in 0.00 ms.
Mono: successfully reloaded assembly
- Completed reload, in  0.783 seconds
Platform modules already initialized, skipping
Refreshing native plugins compatible for Editor in 0.59 ms, found 2 plugins.
Preloading 0 native plugins for Editor in 0.00 ms.
Unloading 3372 Unused Serialized files (Serialized files now loaded: 0)
System memory in use before: 135.4 MB.
System memory in use after: 135.5 MB.

Unloading 16 unused Assets to reduce memory usage. Loaded Objects now: 3944.
Total: 2.230900 ms (FindLiveObjects: 0.265300 ms CreateObjectMapping: 0.109300 ms MarkObjects: 1.773000 ms  DeleteObjects: 0.082100 ms)

========================================================================
Received Import Request.
  Time since last request: 123.645194 seconds.
  path: Assets/Prefabs/Hill.prefab
  artifactKey: Guid(293a2f75b53fbb84ea4d4303fedd81ba) Importer(815301076,1909f56bfc062723c751e8b465ee728b)
Start importing Assets/Prefabs/Hill.prefab using Guid(293a2f75b53fbb84ea4d4303fedd81ba) Importer(815301076,1909f56bfc062723c751e8b465ee728b)  -> (artifact id: '41e012dfd3e0455ca157293df6aaf40e') in 0.041638 seconds 
========================================================================
Received Prepare
Registering precompiled user dll's ...
Registered in 0.002234 seconds.
Begin MonoManager ReloadAssembly
Symbol file LoadedFromMemory doesn't match image C:\Users\wongw\OneDrive\Documents\GitHub\Foundations-of-Game-Design-and-Development\Lab1\Library\PackageCache\com.unity.visualscripting@1.6.1\Editor\VisualScripting.Core\Dependencies\YamlDotNet\Unity.VisualScripting.YamlDotNet.dll
Symbol file LoadedFromMemory doesn't match image C:\Users\wongw\OneDrive\Documents\GitHub\Foundations-of-Game-Design-and-Development\Lab1\Library\PackageCache\com.unity.visualscripting@1.6.1\Editor\VisualScripting.Core\Dependencies\DotNetZip\Unity.VisualScripting.IonicZip.dll
Native extension for WindowsStandalone target not found
Refreshing native plugins compatible for Editor in 0.60 ms, found 2 plugins.
Preloading 0 native plugins for Editor in 0.00 ms.
Mono: successfully reloaded assembly
- Completed reload, in  0.801 seconds
Platform modules already initialized, skipping
Refreshing native plugins compatible for Editor in 0.69 ms, found 2 plugins.
Preloading 0 native plugins for Editor in 0.00 ms.
Unloading 3372 Unused Serialized files (Serialized files now loaded: 0)
System memory in use before: 135.4 MB.
System memory in use after: 135.5 MB.

Unloading 16 unused Assets to reduce memory usage. Loaded Objects now: 3949.
Total: 2.187100 ms (FindLiveObjects: 0.297600 ms CreateObjectMapping: 0.097400 ms MarkObjects: 1.706100 ms  DeleteObjects: 0.084800 ms)

========================================================================
Received Prepare
Registering precompiled user dll's ...
Registered in 0.002270 seconds.
Begin MonoManager ReloadAssembly
Symbol file LoadedFromMemory doesn't match image C:\Users\wongw\OneDrive\Documents\GitHub\Foundations-of-Game-Design-and-Development\Lab1\Library\PackageCache\com.unity.visualscripting@1.6.1\Editor\VisualScripting.Core\Dependencies\YamlDotNet\Unity.VisualScripting.YamlDotNet.dll
Symbol file LoadedFromMemory doesn't match image C:\Users\wongw\OneDrive\Documents\GitHub\Foundations-of-Game-Design-and-Development\Lab1\Library\PackageCache\com.unity.visualscripting@1.6.1\Editor\VisualScripting.Core\Dependencies\DotNetZip\Unity.VisualScripting.IonicZip.dll
Native extension for WindowsStandalone target not found
Refreshing native plugins compatible for Editor in 0.66 ms, found 2 plugins.
Preloading 0 native plugins for Editor in 0.00 ms.
Mono: successfully reloaded assembly
- Completed reload, in  0.791 seconds
Platform modules already initialized, skipping
Refreshing native plugins compatible for Editor in 0.68 ms, found 2 plugins.
Preloading 0 native plugins for Editor in 0.00 ms.
Unloading 3372 Unused Serialized files (Serialized files now loaded: 0)
System memory in use before: 135.4 MB.
System memory in use after: 135.5 MB.

Unloading 16 unused Assets to reduce memory usage. Loaded Objects now: 3953.
Total: 2.250400 ms (FindLiveObjects: 0.309000 ms CreateObjectMapping: 0.096500 ms MarkObjects: 1.753500 ms  DeleteObjects: 0.089800 ms)

========================================================================
Received Import Request.
  Time since last request: 311.551991 seconds.
  path: Assets/Scripts/MushroomController.cs
  artifactKey: Guid(a969c6779ac532e4ab191309bd28fe0f) Importer(815301076,1909f56bfc062723c751e8b465ee728b)
Start importing Assets/Scripts/MushroomController.cs using Guid(a969c6779ac532e4ab191309bd28fe0f) Importer(815301076,1909f56bfc062723c751e8b465ee728b)  -> (artifact id: '95941d31661b743bce21ec59df10bc1f') in 0.015266 seconds 
========================================================================
Received Prepare
Registering precompiled user dll's ...
Registered in 0.002165 seconds.
Begin MonoManager ReloadAssembly
Symbol file LoadedFromMemory doesn't match image C:\Users\wongw\OneDrive\Documents\GitHub\Foundations-of-Game-Design-and-Development\Lab1\Library\PackageCache\com.unity.visualscripting@1.6.1\Editor\VisualScripting.Core\Dependencies\YamlDotNet\Unity.VisualScripting.YamlDotNet.dll
Symbol file LoadedFromMemory doesn't match image C:\Users\wongw\OneDrive\Documents\GitHub\Foundations-of-Game-Design-and-Development\Lab1\Library\PackageCache\com.unity.visualscripting@1.6.1\Editor\VisualScripting.Core\Dependencies\DotNetZip\Unity.VisualScripting.IonicZip.dll
Native extension for WindowsStandalone target not found
Refreshing native plugins compatible for Editor in 0.63 ms, found 2 plugins.
Preloading 0 native plugins for Editor in 0.00 ms.
Mono: successfully reloaded assembly
- Completed reload, in  0.812 seconds
Platform modules already initialized, skipping
Refreshing native plugins compatible for Editor in 0.59 ms, found 2 plugins.
Preloading 0 native plugins for Editor in 0.00 ms.
Unloading 3372 Unused Serialized files (Serialized files now loaded: 0)
System memory in use before: 135.4 MB.
System memory in use after: 135.5 MB.

Unloading 16 unused Assets to reduce memory usage. Loaded Objects now: 3957.
Total: 2.198100 ms (FindLiveObjects: 0.260600 ms CreateObjectMapping: 0.106500 ms MarkObjects: 1.748200 ms  DeleteObjects: 0.081900 ms)

========================================================================
Received Import Request.
  Time since last request: 54.658522 seconds.
  path: Assets/Scripts/MushroomController.cs
  artifactKey: Guid(a969c6779ac532e4ab191309bd28fe0f) Importer(815301076,1909f56bfc062723c751e8b465ee728b)
Start importing Assets/Scripts/MushroomController.cs using Guid(a969c6779ac532e4ab191309bd28fe0f) Importer(815301076,1909f56bfc062723c751e8b465ee728b)  -> (artifact id: 'b66271be7b7f1fb61bb0a9b626030f4d') in 0.005326 seconds 
========================================================================
Received Prepare
Registering precompiled user dll's ...
Registered in 0.002262 seconds.
Begin MonoManager ReloadAssembly
Symbol file LoadedFromMemory doesn't match image C:\Users\wongw\OneDrive\Documents\GitHub\Foundations-of-Game-Design-and-Development\Lab1\Library\PackageCache\com.unity.visualscripting@1.6.1\Editor\VisualScripting.Core\Dependencies\YamlDotNet\Unity.VisualScripting.YamlDotNet.dll
Symbol file LoadedFromMemory doesn't match image C:\Users\wongw\OneDrive\Documents\GitHub\Foundations-of-Game-Design-and-Development\Lab1\Library\PackageCache\com.unity.visualscripting@1.6.1\Editor\VisualScripting.Core\Dependencies\DotNetZip\Unity.VisualScripting.IonicZip.dll
Native extension for WindowsStandalone target not found
Refreshing native plugins compatible for Editor in 0.63 ms, found 2 plugins.
Preloading 0 native plugins for Editor in 0.00 ms.
Mono: successfully reloaded assembly
- Completed reload, in  0.778 seconds
Platform modules already initialized, skipping
Refreshing native plugins compatible for Editor in 0.60 ms, found 2 plugins.
Preloading 0 native plugins for Editor in 0.00 ms.
Unloading 3372 Unused Serialized files (Serialized files now loaded: 0)
System memory in use before: 135.4 MB.
System memory in use after: 135.5 MB.

Unloading 16 unused Assets to reduce memory usage. Loaded Objects now: 3961.
Total: 2.239900 ms (FindLiveObjects: 0.297400 ms CreateObjectMapping: 0.112100 ms MarkObjects: 1.744300 ms  DeleteObjects: 0.085000 ms)

========================================================================
Received Prepare
Registering precompiled user dll's ...
Registered in 0.002280 seconds.
Begin MonoManager ReloadAssembly
Symbol file LoadedFromMemory doesn't match image C:\Users\wongw\OneDrive\Documents\GitHub\Foundations-of-Game-Design-and-Development\Lab1\Library\PackageCache\com.unity.visualscripting@1.6.1\Editor\VisualScripting.Core\Dependencies\YamlDotNet\Unity.VisualScripting.YamlDotNet.dll
Symbol file LoadedFromMemory doesn't match image C:\Users\wongw\OneDrive\Documents\GitHub\Foundations-of-Game-Design-and-Development\Lab1\Library\PackageCache\com.unity.visualscripting@1.6.1\Editor\VisualScripting.Core\Dependencies\DotNetZip\Unity.VisualScripting.IonicZip.dll
Native extension for WindowsStandalone target not found
Refreshing native plugins compatible for Editor in 0.60 ms, found 2 plugins.
Preloading 0 native plugins for Editor in 0.00 ms.
Mono: successfully reloaded assembly
- Completed reload, in  0.789 seconds
Platform modules already initialized, skipping
Refreshing native plugins compatible for Editor in 0.67 ms, found 2 plugins.
Preloading 0 native plugins for Editor in 0.00 ms.
Unloading 3372 Unused Serialized files (Serialized files now loaded: 0)
System memory in use before: 135.4 MB.
System memory in use after: 135.5 MB.

Unloading 16 unused Assets to reduce memory usage. Loaded Objects now: 3965.
Total: 2.207400 ms (FindLiveObjects: 0.280400 ms CreateObjectMapping: 0.092600 ms MarkObjects: 1.749900 ms  DeleteObjects: 0.083600 ms)

========================================================================
Received Prepare
Registering precompiled user dll's ...
Registered in 0.002233 seconds.
Begin MonoManager ReloadAssembly
Symbol file LoadedFromMemory doesn't match image C:\Users\wongw\OneDrive\Documents\GitHub\Foundations-of-Game-Design-and-Development\Lab1\Library\PackageCache\com.unity.visualscripting@1.6.1\Editor\VisualScripting.Core\Dependencies\YamlDotNet\Unity.VisualScripting.YamlDotNet.dll
Symbol file LoadedFromMemory doesn't match image C:\Users\wongw\OneDrive\Documents\GitHub\Foundations-of-Game-Design-and-Development\Lab1\Library\PackageCache\com.unity.visualscripting@1.6.1\Editor\VisualScripting.Core\Dependencies\DotNetZip\Unity.VisualScripting.IonicZip.dll
Native extension for WindowsStandalone target not found
Refreshing native plugins compatible for Editor in 0.93 ms, found 2 plugins.
Preloading 0 native plugins for Editor in 0.00 ms.
Mono: successfully reloaded assembly
- Completed reload, in  0.824 seconds
Platform modules already initialized, skipping
Refreshing native plugins compatible for Editor in 0.63 ms, found 2 plugins.
Preloading 0 native plugins for Editor in 0.00 ms.
Unloading 3372 Unused Serialized files (Serialized files now loaded: 0)
System memory in use before: 135.4 MB.
System memory in use after: 135.5 MB.

Unloading 16 unused Assets to reduce memory usage. Loaded Objects now: 3969.
Total: 2.311700 ms (FindLiveObjects: 0.344000 ms CreateObjectMapping: 0.101700 ms MarkObjects: 1.766300 ms  DeleteObjects: 0.098600 ms)

========================================================================
Received Prepare
Registering precompiled user dll's ...
Registered in 0.002296 seconds.
Begin MonoManager ReloadAssembly
Symbol file LoadedFromMemory doesn't match image C:\Users\wongw\OneDrive\Documents\GitHub\Foundations-of-Game-Design-and-Development\Lab1\Library\PackageCache\com.unity.visualscripting@1.6.1\Editor\VisualScripting.Core\Dependencies\YamlDotNet\Unity.VisualScripting.YamlDotNet.dll
Symbol file LoadedFromMemory doesn't match image C:\Users\wongw\OneDrive\Documents\GitHub\Foundations-of-Game-Design-and-Development\Lab1\Library\PackageCache\com.unity.visualscripting@1.6.1\Editor\VisualScripting.Core\Dependencies\DotNetZip\Unity.VisualScripting.IonicZip.dll
Native extension for WindowsStandalone target not found
Refreshing native plugins compatible for Editor in 0.62 ms, found 2 plugins.
Preloading 0 native plugins for Editor in 0.00 ms.
Mono: successfully reloaded assembly
- Completed reload, in  0.830 seconds
Platform modules already initialized, skipping
Refreshing native plugins compatible for Editor in 0.72 ms, found 2 plugins.
Preloading 0 native plugins for Editor in 0.00 ms.
Unloading 3372 Unused Serialized files (Serialized files now loaded: 0)
System memory in use before: 135.4 MB.
System memory in use after: 135.5 MB.

Unloading 16 unused Assets to reduce memory usage. Loaded Objects now: 3973.
Total: 2.196600 ms (FindLiveObjects: 0.279700 ms CreateObjectMapping: 0.094200 ms MarkObjects: 1.731800 ms  DeleteObjects: 0.089900 ms)

========================================================================
Received Prepare
Registering precompiled user dll's ...
Registered in 0.002207 seconds.
Begin MonoManager ReloadAssembly
Symbol file LoadedFromMemory doesn't match image C:\Users\wongw\OneDrive\Documents\GitHub\Foundations-of-Game-Design-and-Development\Lab1\Library\PackageCache\com.unity.visualscripting@1.6.1\Editor\VisualScripting.Core\Dependencies\YamlDotNet\Unity.VisualScripting.YamlDotNet.dll
Symbol file LoadedFromMemory doesn't match image C:\Users\wongw\OneDrive\Documents\GitHub\Foundations-of-Game-Design-and-Development\Lab1\Library\PackageCache\com.unity.visualscripting@1.6.1\Editor\VisualScripting.Core\Dependencies\DotNetZip\Unity.VisualScripting.IonicZip.dll
Native extension for WindowsStandalone target not found
Refreshing native plugins compatible for Editor in 0.61 ms, found 2 plugins.
Preloading 0 native plugins for Editor in 0.00 ms.
Mono: successfully reloaded assembly
- Completed reload, in  0.767 seconds
Platform modules already initialized, skipping
Refreshing native plugins compatible for Editor in 0.60 ms, found 2 plugins.
Preloading 0 native plugins for Editor in 0.00 ms.
Unloading 3372 Unused Serialized files (Serialized files now loaded: 0)
System memory in use before: 135.5 MB.
System memory in use after: 135.6 MB.

Unloading 16 unused Assets to reduce memory usage. Loaded Objects now: 3977.
Total: 2.126500 ms (FindLiveObjects: 0.252100 ms CreateObjectMapping: 0.091800 ms MarkObjects: 1.700300 ms  DeleteObjects: 0.081300 ms)

========================================================================
Received Prepare
Registering precompiled user dll's ...
Registered in 0.002282 seconds.
Begin MonoManager ReloadAssembly
Symbol file LoadedFromMemory doesn't match image C:\Users\wongw\OneDrive\Documents\GitHub\Foundations-of-Game-Design-and-Development\Lab1\Library\PackageCache\com.unity.visualscripting@1.6.1\Editor\VisualScripting.Core\Dependencies\YamlDotNet\Unity.VisualScripting.YamlDotNet.dll
Symbol file LoadedFromMemory doesn't match image C:\Users\wongw\OneDrive\Documents\GitHub\Foundations-of-Game-Design-and-Development\Lab1\Library\PackageCache\com.unity.visualscripting@1.6.1\Editor\VisualScripting.Core\Dependencies\DotNetZip\Unity.VisualScripting.IonicZip.dll
Native extension for WindowsStandalone target not found
Refreshing native plugins compatible for Editor in 0.62 ms, found 2 plugins.
Preloading 0 native plugins for Editor in 0.00 ms.
Mono: successfully reloaded assembly
- Completed reload, in  0.767 seconds
Platform modules already initialized, skipping
Refreshing native plugins compatible for Editor in 0.63 ms, found 2 plugins.
Preloading 0 native plugins for Editor in 0.00 ms.
Unloading 3372 Unused Serialized files (Serialized files now loaded: 0)
System memory in use before: 135.5 MB.
System memory in use after: 135.6 MB.

Unloading 16 unused Assets to reduce memory usage. Loaded Objects now: 3981.
Total: 2.281200 ms (FindLiveObjects: 0.308800 ms CreateObjectMapping: 0.097500 ms MarkObjects: 1.783900 ms  DeleteObjects: 0.089400 ms)

========================================================================
Received Prepare
Registering precompiled user dll's ...
Registered in 0.002382 seconds.
Begin MonoManager ReloadAssembly
Symbol file LoadedFromMemory doesn't match image C:\Users\wongw\OneDrive\Documents\GitHub\Foundations-of-Game-Design-and-Development\Lab1\Library\PackageCache\com.unity.visualscripting@1.6.1\Editor\VisualScripting.Core\Dependencies\YamlDotNet\Unity.VisualScripting.YamlDotNet.dll
Symbol file LoadedFromMemory doesn't match image C:\Users\wongw\OneDrive\Documents\GitHub\Foundations-of-Game-Design-and-Development\Lab1\Library\PackageCache\com.unity.visualscripting@1.6.1\Editor\VisualScripting.Core\Dependencies\DotNetZip\Unity.VisualScripting.IonicZip.dll
Native extension for WindowsStandalone target not found
Refreshing native plugins compatible for Editor in 0.68 ms, found 2 plugins.
Preloading 0 native plugins for Editor in 0.00 ms.
Mono: successfully reloaded assembly
- Completed reload, in  0.882 seconds
Platform modules already initialized, skipping
Refreshing native plugins compatible for Editor in 0.61 ms, found 2 plugins.
Preloading 0 native plugins for Editor in 0.00 ms.
Unloading 3372 Unused Serialized files (Serialized files now loaded: 0)
System memory in use before: 135.5 MB.
System memory in use after: 135.6 MB.

Unloading 16 unused Assets to reduce memory usage. Loaded Objects now: 3985.
Total: 2.317000 ms (FindLiveObjects: 0.295100 ms CreateObjectMapping: 0.110300 ms MarkObjects: 1.810600 ms  DeleteObjects: 0.100000 ms)

========================================================================
Received Import Request.
  Time since last request: 20206.132081 seconds.
  path: Assets/Scripts/PlayerController.cs
  artifactKey: Guid(d3b2f80e9d7722847ae845a9d21618d9) Importer(815301076,1909f56bfc062723c751e8b465ee728b)
Start importing Assets/Scripts/PlayerController.cs using Guid(d3b2f80e9d7722847ae845a9d21618d9) Importer(815301076,1909f56bfc062723c751e8b465ee728b)  -> (artifact id: 'c905da5beba18a35c10897d4ca581f41') in 0.009047 seconds 
========================================================================
Received Prepare
Registering precompiled user dll's ...
Registered in 0.002295 seconds.
Begin MonoManager ReloadAssembly
Symbol file LoadedFromMemory doesn't match image C:\Users\wongw\OneDrive\Documents\GitHub\Foundations-of-Game-Design-and-Development\Lab1\Library\PackageCache\com.unity.visualscripting@1.6.1\Editor\VisualScripting.Core\Dependencies\YamlDotNet\Unity.VisualScripting.YamlDotNet.dll
Symbol file LoadedFromMemory doesn't match image C:\Users\wongw\OneDrive\Documents\GitHub\Foundations-of-Game-Design-and-Development\Lab1\Library\PackageCache\com.unity.visualscripting@1.6.1\Editor\VisualScripting.Core\Dependencies\DotNetZip\Unity.VisualScripting.IonicZip.dll
Native extension for WindowsStandalone target not found
Refreshing native plugins compatible for Editor in 0.68 ms, found 2 plugins.
Preloading 0 native plugins for Editor in 0.00 ms.
Mono: successfully reloaded assembly
- Completed reload, in  0.951 seconds
Platform modules already initialized, skipping
Refreshing native plugins compatible for Editor in 0.61 ms, found 2 plugins.
Preloading 0 native plugins for Editor in 0.00 ms.
Unloading 3372 Unused Serialized files (Serialized files now loaded: 0)
System memory in use before: 135.5 MB.
System memory in use after: 135.6 MB.

Unloading 16 unused Assets to reduce memory usage. Loaded Objects now: 3989.
Total: 2.425600 ms (FindLiveObjects: 0.265800 ms CreateObjectMapping: 0.096700 ms MarkObjects: 1.946600 ms  DeleteObjects: 0.115600 ms)

========================================================================
Received Import Request.
  Time since last request: 8164.101655 seconds.
  path: Assets/Scripts/PlayerController.cs
  artifactKey: Guid(d3b2f80e9d7722847ae845a9d21618d9) Importer(815301076,1909f56bfc062723c751e8b465ee728b)
Start importing Assets/Scripts/PlayerController.cs using Guid(d3b2f80e9d7722847ae845a9d21618d9) Importer(815301076,1909f56bfc062723c751e8b465ee728b)  -> (artifact id: '3b8845fabdd28e716c1117942e4fcf49') in 0.009633 seconds 
========================================================================
Received Prepare
Registering precompiled user dll's ...
Registered in 0.002149 seconds.
Begin MonoManager ReloadAssembly
Symbol file LoadedFromMemory doesn't match image C:\Users\wongw\OneDrive\Documents\GitHub\Foundations-of-Game-Design-and-Development\Lab1\Library\PackageCache\com.unity.visualscripting@1.6.1\Editor\VisualScripting.Core\Dependencies\YamlDotNet\Unity.VisualScripting.YamlDotNet.dll
Symbol file LoadedFromMemory doesn't match image C:\Users\wongw\OneDrive\Documents\GitHub\Foundations-of-Game-Design-and-Development\Lab1\Library\PackageCache\com.unity.visualscripting@1.6.1\Editor\VisualScripting.Core\Dependencies\DotNetZip\Unity.VisualScripting.IonicZip.dll
Native extension for WindowsStandalone target not found
Refreshing native plugins compatible for Editor in 0.59 ms, found 2 plugins.
Preloading 0 native plugins for Editor in 0.00 ms.
Mono: successfully reloaded assembly
- Completed reload, in  0.788 seconds
Platform modules already initialized, skipping
Refreshing native plugins compatible for Editor in 0.60 ms, found 2 plugins.
Preloading 0 native plugins for Editor in 0.00 ms.
Unloading 3372 Unused Serialized files (Serialized files now loaded: 0)
System memory in use before: 135.5 MB.
System memory in use after: 135.6 MB.

Unloading 16 unused Assets to reduce memory usage. Loaded Objects now: 3993.
Total: 2.204100 ms (FindLiveObjects: 0.263000 ms CreateObjectMapping: 0.093200 ms MarkObjects: 1.762500 ms  DeleteObjects: 0.084700 ms)

AssetImportWorkerClient::OnTransportError - code=2 error=End of file
